<?xml version="1.0" encoding="UTF-8"?>
<testng-results ignored="0" total="1" passed="1" failed="0" skipped="0">
  <reporter-output>
  </reporter-output>
  <suite started-at="2021-06-27T07:25:06Z" name="SampleRun" finished-at="2021-06-27T07:25:59Z" duration-ms="52445">
    <groups>
    </groups>
    <test started-at="2021-06-27T07:25:06Z" name="sample" finished-at="2021-06-27T07:25:59Z" duration-ms="52445">
      <class name="com.Selenium_Expert.OrangeHRM_Practices">
        <test-method is-config="true" signature="setup()[pri:0, instance:com.Selenium_Expert.OrangeHRM_Practices@1190200a]" started-at="2021-06-27T12:55:06Z" name="setup" finished-at="2021-06-27T12:55:22Z" duration-ms="15637" status="PASS">
          <reporter-output>
          </reporter-output>
        </test-method> <!-- setup -->
        <test-method signature="loginPage()[pri:0, instance:com.Selenium_Expert.OrangeHRM_Practices@1190200a]" started-at="2021-06-27T12:55:22Z" name="loginPage" finished-at="2021-06-27T12:55:59Z" duration-ms="36790" status="PASS">
          <reporter-output>
          </reporter-output>
        </test-method> <!-- loginPage -->
      </class> <!-- com.Selenium_Expert.OrangeHRM_Practices -->
    </test> <!-- sample -->
  </suite> <!-- SampleRun -->
</testng-results>
